# JRE version: OpenJDK Runtime Environment (8.0_452-b09) (build 1.8.0_452-b09)
# Java VM: OpenJDK 64-Bit Server VM (25.452-b09 mixed mode windows-amd64 compressed oops)
Heap:
 PSYoungGen      total 313344K, used 30759K [0x00000000eab00000, 0x00000000ff600000, 0x0000000100000000)
  eden space 312320K, 9% used [0x00000000eab00000,0x00000000ec909ec8,0x00000000fdc00000)
  from space 1024K, 0% used [0x00000000fdc00000,0x00000000fdc00000,0x00000000fdd00000)
  to   space 13312K, 0% used [0x00000000fe900000,0x00000000fe900000,0x00000000ff600000)
 ParOldGen       total 165376K, used 27131K [0x00000000c0000000, 0x00000000ca180000, 0x00000000eab00000)
  object space 165376K, 16% used [0x00000000c0000000,0x00000000c1a7eed0,0x00000000ca180000)
 Metaspace       used 108600K, capacity 119138K, committed 121984K, reserved 1155072K
  class space    used 15457K, capacity 16250K, committed 16768K, reserved 1048576K
GC Heap History (10 events):
Event: 28808.927 GC heap before
{Heap before GC invocations=47 (full 20):
 PSYoungGen      total 315904K, used 3566K [0x00000000eab00000, 0x00000000ff900000, 0x0000000100000000)
  eden space 312320K, 0% used [0x00000000eab00000,0x00000000eab00000,0x00000000fdc00000)
  from space 3584K, 99% used [0x00000000fdc00000,0x00000000fdf7bb08,0x00000000fdf80000)
  to   space 14848K, 0% used [0x00000000fea80000,0x00000000fea80000,0x00000000ff900000)
 ParOldGen       total 165376K, used 26257K [0x00000000c0000000, 0x00000000ca180000, 0x00000000eab00000)
  object space 165376K, 15% used [0x00000000c0000000,0x00000000c19a47b0,0x00000000ca180000)
 Metaspace       used 108589K, capacity 119118K, committed 121984K, reserved 1155072K
  class space    used 15453K, capacity 16244K, committed 16768K, reserved 1048576K
Event: 28809.266 GC heap after
Heap after GC invocations=47 (full 20):
 PSYoungGen      total 315904K, used 0K [0x00000000eab00000, 0x00000000ff900000, 0x0000000100000000)
  eden space 312320K, 0% used [0x00000000eab00000,0x00000000eab00000,0x00000000fdc00000)
  from space 3584K, 0% used [0x00000000fdc00000,0x00000000fdc00000,0x00000000fdf80000)
  to   space 14848K, 0% used [0x00000000fea80000,0x00000000fea80000,0x00000000ff900000)
 ParOldGen       total 165376K, used 28323K [0x00000000c0000000, 0x00000000ca180000, 0x00000000eab00000)
  object space 165376K, 17% used [0x00000000c0000000,0x00000000c1ba8f40,0x00000000ca180000)
 Metaspace       used 108581K, capacity 119102K, committed 121984K, reserved 1155072K
  class space    used 15450K, capacity 16238K, committed 16768K, reserved 1048576K
}
Event: 30608.904 GC heap before
{Heap before GC invocations=48 (full 20):
 PSYoungGen      total 315904K, used 22241K [0x00000000eab00000, 0x00000000ff900000, 0x0000000100000000)
  eden space 312320K, 7% used [0x00000000eab00000,0x00000000ec0b86e8,0x00000000fdc00000)
  from space 3584K, 0% used [0x00000000fdc00000,0x00000000fdc00000,0x00000000fdf80000)
  to   space 14848K, 0% used [0x00000000fea80000,0x00000000fea80000,0x00000000ff900000)
 ParOldGen       total 165376K, used 28323K [0x00000000c0000000, 0x00000000ca180000, 0x00000000eab00000)
  object space 165376K, 17% used [0x00000000c0000000,0x00000000c1ba8f40,0x00000000ca180000)
 Metaspace       used 108581K, capacity 119102K, committed 121984K, reserved 1155072K
  class space    used 15450K, capacity 16238K, committed 16768K, reserved 1048576K
Event: 30608.924 GC heap after
Heap after GC invocations=48 (full 20):
 PSYoungGen      total 326144K, used 416K [0x00000000eab00000, 0x00000000ff800000, 0x0000000100000000)
  eden space 312320K, 0% used [0x00000000eab00000,0x00000000eab00000,0x00000000fdc00000)
  from space 13824K, 3% used [0x00000000fea80000,0x00000000feae8000,0x00000000ff800000)
  to   space 14336K, 0% used [0x00000000fdc00000,0x00000000fdc00000,0x00000000fea00000)
 ParOldGen       total 165376K, used 28323K [0x00000000c0000000, 0x00000000ca180000, 0x00000000eab00000)
  object space 165376K, 17% used [0x00000000c0000000,0x00000000c1ba8f40,0x00000000ca180000)
 Metaspace       used 108581K, capacity 119102K, committed 121984K, reserved 1155072K
  class space    used 15450K, capacity 16238K, committed 16768K, reserved 1048576K
}
Event: 30608.924 GC heap before
{Heap before GC invocations=49 (full 21):
 PSYoungGen      total 326144K, used 416K [0x00000000eab00000, 0x00000000ff800000, 0x0000000100000000)
  eden space 312320K, 0% used [0x00000000eab00000,0x00000000eab00000,0x00000000fdc00000)
  from space 13824K, 3% used [0x00000000fea80000,0x00000000feae8000,0x00000000ff800000)
  to   space 14336K, 0% used [0x00000000fdc00000,0x00000000fdc00000,0x00000000fea00000)
 ParOldGen       total 165376K, used 28323K [0x00000000c0000000, 0x00000000ca180000, 0x00000000eab00000)
  object space 165376K, 17% used [0x00000000c0000000,0x00000000c1ba8f40,0x00000000ca180000)
 Metaspace       used 108581K, capacity 119102K, committed 121984K, reserved 1155072K
  class space    used 15450K, capacity 16238K, committed 16768K, reserved 1048576K
Event: 30609.061 GC heap after
Heap after GC invocations=49 (full 21):
 PSYoungGen      total 326144K, used 0K [0x00000000eab00000, 0x00000000ff800000, 0x0000000100000000)
  eden space 312320K, 0% used [0x00000000eab00000,0x00000000eab00000,0x00000000fdc00000)
  from space 13824K, 0% used [0x00000000fea80000,0x00000000fea80000,0x00000000ff800000)
  to   space 14336K, 0% used [0x00000000fdc00000,0x00000000fdc00000,0x00000000fea00000)
 ParOldGen       total 165376K, used 27136K [0x00000000c0000000, 0x00000000ca180000, 0x00000000eab00000)
  object space 165376K, 16% used [0x00000000c0000000,0x00000000c1a80358,0x00000000ca180000)
 Metaspace       used 108581K, capacity 119102K, committed 121984K, reserved 1155072K
  class space    used 15450K, capacity 16238K, committed 16768K, reserved 1048576K
}
Event: 32408.900 GC heap before
{Heap before GC invocations=50 (full 21):
 PSYoungGen      total 326144K, used 22790K [0x00000000eab00000, 0x00000000ff800000, 0x0000000100000000)
  eden space 312320K, 7% used [0x00000000eab00000,0x00000000ec1419e8,0x00000000fdc00000)
  from space 13824K, 0% used [0x00000000fea80000,0x00000000fea80000,0x00000000ff800000)
  to   space 14336K, 0% used [0x00000000fdc00000,0x00000000fdc00000,0x00000000fea00000)
 ParOldGen       total 165376K, used 27136K [0x00000000c0000000, 0x00000000ca180000, 0x00000000eab00000)
  object space 165376K, 16% used [0x00000000c0000000,0x00000000c1a80358,0x00000000ca180000)
 Metaspace       used 108581K, capacity 119102K, committed 121984K, reserved 1155072K
  class space    used 15450K, capacity 16238K, committed 16768K, reserved 1048576K
Event: 32408.931 GC heap after
Heap after GC invocations=50 (full 21):
 PSYoungGen      total 313344K, used 800K [0x00000000eab00000, 0x00000000ff600000, 0x0000000100000000)
  eden space 312320K, 0% used [0x00000000eab00000,0x00000000eab00000,0x00000000fdc00000)
  from space 1024K, 78% used [0x00000000fdc00000,0x00000000fdcc8000,0x00000000fdd00000)
  to   space 13312K, 0% used [0x00000000fe900000,0x00000000fe900000,0x00000000ff600000)
 ParOldGen       total 165376K, used 27136K [0x00000000c0000000, 0x00000000ca180000, 0x00000000eab00000)
  object space 165376K, 16% used [0x00000000c0000000,0x00000000c1a80358,0x00000000ca180000)
 Metaspace       used 108581K, capacity 119102K, committed 121984K, reserved 1155072K
  class space    used 15450K, capacity 16238K, committed 16768K, reserved 1048576K
}
Event: 32408.931 GC heap before
{Heap before GC invocations=51 (full 22):
 PSYoungGen      total 313344K, used 800K [0x00000000eab00000, 0x00000000ff600000, 0x0000000100000000)
  eden space 312320K, 0% used [0x00000000eab00000,0x00000000eab00000,0x00000000fdc00000)
  from space 1024K, 78% used [0x00000000fdc00000,0x00000000fdcc8000,0x00000000fdd00000)
  to   space 13312K, 0% used [0x00000000fe900000,0x00000000fe900000,0x00000000ff600000)
 ParOldGen       total 165376K, used 27136K [0x00000000c0000000, 0x00000000ca180000, 0x00000000eab00000)
  object space 165376K, 16% used [0x00000000c0000000,0x00000000c1a80358,0x00000000ca180000)
 Metaspace       used 108581K, capacity 119102K, committed 121984K, reserved 1155072K
  class space    used 15450K, capacity 16238K, committed 16768K, reserved 1048576K
Event: 32409.172 GC heap after
Heap after GC invocations=51 (full 22):
 PSYoungGen      total 313344K, used 0K [0x00000000eab00000, 0x00000000ff600000, 0x0000000100000000)
  eden space 312320K, 0% used [0x00000000eab00000,0x00000000eab00000,0x00000000fdc00000)
  from space 1024K, 0% used [0x00000000fdc00000,0x00000000fdc00000,0x00000000fdd00000)
  to   space 13312K, 0% used [0x00000000fe900000,0x00000000fe900000,0x00000000ff600000)
 ParOldGen       total 165376K, used 27131K [0x00000000c0000000, 0x00000000ca180000, 0x00000000eab00000)
  object space 165376K, 16% used [0x00000000c0000000,0x00000000c1a7eed0,0x00000000ca180000)
 Metaspace       used 108581K, capacity 119102K, committed 121984K, reserved 1155072K
  class space    used 15450K, capacity 16238K, committed 16768K, reserved 1048576K
}

